Checking circle 2
Child found.
Child correct size.
Checking circle 3
Child found.
Child correct size.
Checking circle 4
Child found.
Child correct size.
expectedMarkerDistance: 40.6977
actualMarkerDistance: 39.5658
First inner circle found.
expectedMarkerDistance: 40.6977
actualMarkerDistance: 40.6754
Second inner circle found.
Detected HRCode!!!
angle_degrees: -8.38208
Checking circle 5
Child found.
Checking circle 52
Child found.
Child correct size.
Checking circle 53
Checking circle 61
Child found.
Child correct size.
Checking circle 62
Checking circle 68
Mat cols: 109
scale: 0.990909
003
0.100kg
GrMout
881
Detected code: #3[0.1 kg]: GrMout (881)
