Determining if the pthread_create exist failed with the following output:
Change Dir: /home/pascalr/invention/vision/CMakeFiles/CMakeTmp

Run Build Command:"/usr/bin/make" "cmTC_bb49e/fast"
make[1] : on entre dans le répertoire « /home/pascalr/invention/vision/CMakeFiles/CMakeTmp »
/usr/bin/make -f CMakeFiles/cmTC_bb49e.dir/build.make CMakeFiles/cmTC_bb49e.dir/build
make[2] : on entre dans le répertoire « /home/pascalr/invention/vision/CMakeFiles/CMakeTmp »
Building C object CMakeFiles/cmTC_bb49e.dir/CheckSymbolExists.c.o
/usr/bin/cc    -o CMakeFiles/cmTC_bb49e.dir/CheckSymbolExists.c.o   -c /home/pascalr/invention/vision/CMakeFiles/CMakeTmp/CheckSymbolExists.c
Linking C executable cmTC_bb49e
/usr/bin/cmake -E cmake_link_script CMakeFiles/cmTC_bb49e.dir/link.txt --verbose=1
/usr/bin/cc      -rdynamic CMakeFiles/cmTC_bb49e.dir/CheckSymbolExists.c.o  -o cmTC_bb49e 
CMakeFiles/cmTC_bb49e.dir/CheckSymbolExists.c.o : Dans la fonction « main » :
CheckSymbolExists.c:(.text+0x1b) : référence indéfinie vers « pthread_create »
collect2: error: ld returned 1 exit status
CMakeFiles/cmTC_bb49e.dir/build.make:97: recipe for target 'cmTC_bb49e' failed
make[2]: *** [cmTC_bb49e] Error 1
make[2] : on quitte le répertoire « /home/pascalr/invention/vision/CMakeFiles/CMakeTmp »
Makefile:126: recipe for target 'cmTC_bb49e/fast' failed
make[1]: *** [cmTC_bb49e/fast] Error 2
make[1] : on quitte le répertoire « /home/pascalr/invention/vision/CMakeFiles/CMakeTmp »

File /home/pascalr/invention/vision/CMakeFiles/CMakeTmp/CheckSymbolExists.c:
/* */
#include <pthread.h>

int main(int argc, char** argv)
{
  (void)argv;
#ifndef pthread_create
  return ((int*)(&pthread_create))[argc];
#else
  (void)argc;
  return 0;
#endif
}

Determining if the function pthread_create exists in the pthreads failed with the following output:
Change Dir: /home/pascalr/invention/vision/CMakeFiles/CMakeTmp

Run Build Command:"/usr/bin/make" "cmTC_209c8/fast"
make[1] : on entre dans le répertoire « /home/pascalr/invention/vision/CMakeFiles/CMakeTmp »
/usr/bin/make -f CMakeFiles/cmTC_209c8.dir/build.make CMakeFiles/cmTC_209c8.dir/build
make[2] : on entre dans le répertoire « /home/pascalr/invention/vision/CMakeFiles/CMakeTmp »
Building C object CMakeFiles/cmTC_209c8.dir/CheckFunctionExists.c.o
/usr/bin/cc   -DCHECK_FUNCTION_EXISTS=pthread_create   -o CMakeFiles/cmTC_209c8.dir/CheckFunctionExists.c.o   -c /usr/share/cmake-3.10/Modules/CheckFunctionExists.c
Linking C executable cmTC_209c8
/usr/bin/cmake -E cmake_link_script CMakeFiles/cmTC_209c8.dir/link.txt --verbose=1
/usr/bin/cc  -DCHECK_FUNCTION_EXISTS=pthread_create    -rdynamic CMakeFiles/cmTC_209c8.dir/CheckFunctionExists.c.o  -o cmTC_209c8 -lpthreads 
/usr/bin/ld : ne peut trouver -lpthreads
collect2: error: ld returned 1 exit status
CMakeFiles/cmTC_209c8.dir/build.make:97: recipe for target 'cmTC_209c8' failed
make[2]: *** [cmTC_209c8] Error 1
make[2] : on quitte le répertoire « /home/pascalr/invention/vision/CMakeFiles/CMakeTmp »
Makefile:126: recipe for target 'cmTC_209c8/fast' failed
make[1]: *** [cmTC_209c8/fast] Error 2
make[1] : on quitte le répertoire « /home/pascalr/invention/vision/CMakeFiles/CMakeTmp »


